[     116ms] [INFO] %cDownload the React DevTools for a better development experience: https://react.dev/link/react-devtools font-weight:bold @ http://localhost:3100/_next/static/chunks/node_modules_next_dist_115brz8._.js:2477
[     184ms] [LOG] [HMR] connected @ http://localhost:3100/_next/static/chunks/node_modules_next_dist_115brz8._.js:2477
[   23680ms] [WARNING] Canvas2D: Multiple readback operations using getImageData are faster with the willReadFrequently attribute set to true. See: https://html.spec.whatwg.org/multipage/canvas.html#concept-canvas-will-read-frequently @ :11
[  125178ms] [LOG] [Fast Refresh] rebuilding @ http://localhost:3100/_next/static/chunks/node_modules_next_dist_115brz8._.js:2477
[  125337ms] [LOG] [Fast Refresh] done in 99ms @ http://localhost:3100/_next/static/chunks/node_modules_next_dist_115brz8._.js:2477
[  368268ms] [LOG] [Fast Refresh] rebuilding @ http://localhost:3100/_next/static/chunks/node_modules_next_dist_115brz8._.js:2477
[  368283ms] [LOG] [Fast Refresh] done in 111ms @ http://localhost:3100/_next/static/chunks/node_modules_next_dist_115brz8._.js:2477
[  368386ms] [LOG] [Fast Refresh] rebuilding @ http://localhost:3100/_next/static/chunks/node_modules_next_dist_115brz8._.js:2477
[  368701ms] [LOG] [Fast Refresh] done in 323ms @ http://localhost:3100/_next/static/chunks/node_modules_next_dist_115brz8._.js:2477
[  452739ms] [LOG] [Fast Refresh] rebuilding @ http://localhost:3100/_next/static/chunks/node_modules_next_dist_115brz8._.js:2477
[  452763ms] [LOG] [Fast Refresh] done in 107ms @ http://localhost:3100/_next/static/chunks/node_modules_next_dist_115brz8._.js:2477
[  452869ms] [LOG] [Fast Refresh] rebuilding @ http://localhost:3100/_next/static/chunks/node_modules_next_dist_115brz8._.js:2477
[  452969ms] [LOG] [Fast Refresh] done in 201ms @ http://localhost:3100/_next/static/chunks/node_modules_next_dist_115brz8._.js:2477
[  724128ms] [LOG] [Fast Refresh] rebuilding @ http://localhost:3100/_next/static/chunks/node_modules_next_dist_115brz8._.js:2477
[  724147ms] [LOG] [Fast Refresh] done in 96ms @ http://localhost:3100/_next/static/chunks/node_modules_next_dist_115brz8._.js:2477
[  724230ms] [LOG] [Fast Refresh] rebuilding @ http://localhost:3100/_next/static/chunks/node_modules_next_dist_115brz8._.js:2477
[  724484ms] [LOG] [Fast Refresh] done in 322ms @ http://localhost:3100/_next/static/chunks/node_modules_next_dist_115brz8._.js:2477
[  724642ms] [LOG] [Fast Refresh] rebuilding @ http://localhost:3100/_next/static/chunks/node_modules_next_dist_115brz8._.js:2477
[  724766ms] [LOG] [Fast Refresh] done in 237ms @ http://localhost:3100/_next/static/chunks/node_modules_next_dist_115brz8._.js:2477
[  724891ms] [LOG] [Fast Refresh] rebuilding @ http://localhost:3100/_next/static/chunks/node_modules_next_dist_115brz8._.js:2477
[  724901ms] [LOG] [Fast Refresh] done in 116ms @ http://localhost:3100/_next/static/chunks/node_modules_next_dist_115brz8._.js:2477
[  794450ms] [LOG] [Fast Refresh] rebuilding @ http://localhost:3100/_next/static/chunks/node_modules_next_dist_115brz8._.js:2477
[  794673ms] [LOG] [Fast Refresh] done in 330ms @ http://localhost:3100/_next/static/chunks/node_modules_next_dist_115brz8._.js:2477
[ 1786138ms] [LOG] [Fast Refresh] rebuilding @ http://localhost:3100/_next/static/chunks/node_modules_next_dist_115brz8._.js:2477
[ 1792311ms] [LOG] [Fast Refresh] done in 6284ms @ http://localhost:3100/_next/static/chunks/node_modules_next_dist_115brz8._.js:2477
[ 2197996ms] [LOG] [Fast Refresh] rebuilding @ http://localhost:3100/_next/static/chunks/node_modules_next_dist_115brz8._.js:2477
[ 2216963ms] [LOG] [Fast Refresh] done in 19077ms @ http://localhost:3100/_next/static/chunks/node_modules_next_dist_115brz8._.js:2477
[ 2217085ms] [LOG] [Fast Refresh] rebuilding @ http://localhost:3100/_next/static/chunks/node_modules_next_dist_115brz8._.js:2477
[ 2217121ms] [LOG] [Fast Refresh] done in 157ms @ http://localhost:3100/_next/static/chunks/node_modules_next_dist_115brz8._.js:2477
[ 2769808ms] [LOG] [Fast Refresh] rebuilding @ http://localhost:3100/_next/static/chunks/node_modules_next_dist_115brz8._.js:2477
[ 2774605ms] [LOG] [Fast Refresh] done in 4905ms @ http://localhost:3100/_next/static/chunks/node_modules_next_dist_115brz8._.js:2477
