[     181ms] [INFO] %cDownload the React DevTools for a better development experience: https://react.dev/link/react-devtools font-weight:bold @ http://localhost:3100/_next/static/chunks/node_modules_next_dist_115brz8._.js:2477
[     203ms] [LOG] [HMR] connected @ http://localhost:3100/_next/static/chunks/node_modules_next_dist_115brz8._.js:2477
[  741738ms] [LOG] [Fast Refresh] rebuilding @ http://localhost:3100/_next/static/chunks/node_modules_next_dist_115brz8._.js:2477
[  741755ms] [LOG] [Fast Refresh] done in 92ms @ http://localhost:3100/_next/static/chunks/node_modules_next_dist_115brz8._.js:2477
[  755740ms] [LOG] [Fast Refresh] rebuilding @ http://localhost:3100/_next/static/chunks/node_modules_next_dist_115brz8._.js:2477
[  756183ms] [ERROR] ./app/page.tsx:3:1
Module not found: Can't resolve '@/components/ScrollControlledVideo'
  1 | import { DemoRequestSection } from "@/components/DemoRequestSection";
  2 | import { Header } from "@/components/Header";
> 3 | import { ScrollControlledVideo } from "@/components/ScrollControlledVideo";
    | ^^^^^^^^^^^^^^^^^^^^^^^^^^^^^^^^^^^^^^^^^^^^^^^^^^^^^^^^^^^^^^^^^^^^^^^^^^^
  4 |
  5 | const benefits = [
  6 |   {

Import map: aliased to relative './components/ScrollControlledVideo' inside of [project]/

https://nextjs.org/docs/messages/module-not-found @ http://localhost:3100/_next/static/chunks/node_modules_next_dist_115brz8._.js:3318
[  756397ms] [ERROR] ./app/page.tsx:3:1
Module not found: Can't resolve '@/components/ScrollControlledVideo'
  1 | import { DemoRequestSection } from "@/components/DemoRequestSection";
  2 | import { Header } from "@/components/Header";
> 3 | import { ScrollControlledVideo } from "@/components/ScrollControlledVideo";
    | ^^^^^^^^^^^^^^^^^^^^^^^^^^^^^^^^^^^^^^^^^^^^^^^^^^^^^^^^^^^^^^^^^^^^^^^^^^^
  4 |
  5 | const benefits = [
  6 |   {

Import map: aliased to relative './components/ScrollControlledVideo' inside of [project]/

https://nextjs.org/docs/messages/module-not-found @ http://localhost:3100/_next/static/chunks/node_modules_next_dist_115brz8._.js:3318
[  756507ms] [LOG] [Fast Refresh] rebuilding @ http://localhost:3100/_next/static/chunks/node_modules_next_dist_115brz8._.js:2477
[  758580ms] [ERROR] ./app/page.tsx:3:1
Module not found: Can't resolve '@/components/ScrollControlledVideo'
  1 | import { DemoRequestSection } from "@/components/DemoRequestSection";
  2 | import { Header } from "@/components/Header";
> 3 | import { ScrollControlledVideo } from "@/components/ScrollControlledVideo";
    | ^^^^^^^^^^^^^^^^^^^^^^^^^^^^^^^^^^^^^^^^^^^^^^^^^^^^^^^^^^^^^^^^^^^^^^^^^^^
  4 |
  5 | const benefits = [
  6 |   {

Import map: aliased to relative './components/ScrollControlledVideo' inside of [project]/

https://nextjs.org/docs/messages/module-not-found @ http://localhost:3100/_next/static/chunks/node_modules_next_dist_115brz8._.js:3318
[  758688ms] [LOG] [Fast Refresh] rebuilding @ http://localhost:3100/_next/static/chunks/node_modules_next_dist_115brz8._.js:2477
[  758952ms] [ERROR] ./app/page.tsx:3:1
Module not found: Can't resolve '@/components/ScrollControlledVideo'
  1 | import { DemoRequestSection } from "@/components/DemoRequestSection";
  2 | import { Header } from "@/components/Header";
> 3 | import { ScrollControlledVideo } from "@/components/ScrollControlledVideo";
    | ^^^^^^^^^^^^^^^^^^^^^^^^^^^^^^^^^^^^^^^^^^^^^^^^^^^^^^^^^^^^^^^^^^^^^^^^^^^
  4 |
  5 | const benefits = [
  6 |   {

Import map: aliased to relative './components/ScrollControlledVideo' inside of [project]/

https://nextjs.org/docs/messages/module-not-found @ http://localhost:3100/_next/static/chunks/node_modules_next_dist_115brz8._.js:3318
[  759064ms] [LOG] [Fast Refresh] rebuilding @ http://localhost:3100/_next/static/chunks/node_modules_next_dist_115brz8._.js:2477
[  761925ms] [ERROR] ./app/page.tsx:3:1
Module not found: Can't resolve '@/components/ScrollControlledVideo'
  1 | import { DemoRequestSection } from "@/components/DemoRequestSection";
  2 | import { Header } from "@/components/Header";
> 3 | import { ScrollControlledVideo } from "@/components/ScrollControlledVideo";
    | ^^^^^^^^^^^^^^^^^^^^^^^^^^^^^^^^^^^^^^^^^^^^^^^^^^^^^^^^^^^^^^^^^^^^^^^^^^^
  4 |
  5 | const benefits = [
  6 |   {

Import map: aliased to relative './components/ScrollControlledVideo' inside of [project]/

https://nextjs.org/docs/messages/module-not-found @ http://localhost:3100/_next/static/chunks/node_modules_next_dist_115brz8._.js:3318
[  761926ms] [ERROR] Failed to load resource: the server responded with a status of 500 (Internal Server Error) @ http://localhost:3100/?_rsc=q3mOO9BClNZHexY7:0
[  761930ms] [ERROR] ./app/page.tsx:3:1
Module not found: Can't resolve '@/components/ScrollControlledVideo'
  1 | import { DemoRequestSection } from "@/components/DemoRequestSection";
  2 | import { Header } from "@/components/Header";
> 3 | import { ScrollControlledVideo } from "@/components/ScrollControlledVideo";
    | ^^^^^^^^^^^^^^^^^^^^^^^^^^^^^^^^^^^^^^^^^^^^^^^^^^^^^^^^^^^^^^^^^^^^^^^^^^^
  4 |
  5 | const benefits = [
  6 |   {

Import map: aliased to relative './components/ScrollControlledVideo' inside of [project]/

https://nextjs.org/docs/messages/module-not-found @ http://localhost:3100/_next/static/chunks/node_modules_next_dist_115brz8._.js:3318
[  762008ms] [LOG] [Fast Refresh] rebuilding @ http://localhost:3100/_next/static/chunks/node_modules_next_dist_115brz8._.js:2477
[  762110ms] [WARNING] [HMR] Invalid message: {"isTrusted":true}
TypeError: Cannot convert undefined or null to object
    at Object.keys (<anonymous>)
    at extractModulesFromTurbopackMessage (http://localhost:3100/_next/static/chunks/node_modules_next_dist_client_0fhqo1d._.js:13654:39)
    at TurbopackHmr.onTurbopackMessage (http://localhost:3100/_next/static/chunks/node_modules_next_dist_client_0fhqo1d._.js:13601:32)
    at processMessage (http://localhost:3100/_next/static/chunks/node_modules_next_dist_client_0fhqo1d._.js:13959:30)
    at WebSocket.handleMessage (http://localhost:3100/_next/static/chunks/node_modules_next_dist_client_0fhqo1d._.js:13358:52) @ http://localhost:3100/_next/static/chunks/node_modules_next_dist_115brz8._.js:2477
[  762116ms] [LOG] [Fast Refresh] rebuilding @ http://localhost:3100/_next/static/chunks/node_modules_next_dist_115brz8._.js:2477
[  762116ms] [LOG] [Fast Refresh] done in 2ms @ http://localhost:3100/_next/static/chunks/node_modules_next_dist_115brz8._.js:2477
[  762228ms] [LOG] [Fast Refresh] rebuilding @ http://localhost:3100/_next/static/chunks/node_modules_next_dist_115brz8._.js:2477
[  762324ms] [LOG] [Fast Refresh] done in 205ms @ http://localhost:3100/_next/static/chunks/node_modules_next_dist_115brz8._.js:2477
[  762489ms] [INFO] %cDownload the React DevTools for a better development experience: https://react.dev/link/react-devtools font-weight:bold @ http://localhost:3100/_next/static/chunks/node_modules_next_dist_115brz8._.js:2477
[  762510ms] [LOG] [HMR] connected @ http://localhost:3100/_next/static/chunks/node_modules_next_dist_115brz8._.js:2477
[  762751ms] [LOG] [Fast Refresh] rebuilding @ http://localhost:3100/_next/static/chunks/node_modules_next_dist_115brz8._.js:2477
[  762798ms] [LOG] [Fast Refresh] done in 148ms @ http://localhost:3100/_next/static/chunks/node_modules_next_dist_115brz8._.js:2477
[  767605ms] [LOG] [Fast Refresh] rebuilding @ http://localhost:3100/_next/static/chunks/node_modules_next_dist_115brz8._.js:2477
[  767684ms] [LOG] [Fast Refresh] done in 132ms @ http://localhost:3100/_next/static/chunks/node_modules_next_dist_115brz8._.js:2477
[  767802ms] [LOG] [Fast Refresh] rebuilding @ http://localhost:3100/_next/static/chunks/node_modules_next_dist_115brz8._.js:2477
[  767818ms] [LOG] [Fast Refresh] done in 130ms @ http://localhost:3100/_next/static/chunks/node_modules_next_dist_115brz8._.js:2477
[  767946ms] [LOG] [Fast Refresh] rebuilding @ http://localhost:3100/_next/static/chunks/node_modules_next_dist_115brz8._.js:2477
[  767975ms] [LOG] [Fast Refresh] done in 134ms @ http://localhost:3100/_next/static/chunks/node_modules_next_dist_115brz8._.js:2477
[  772898ms] [LOG] [Fast Refresh] rebuilding @ http://localhost:3100/_next/static/chunks/node_modules_next_dist_115brz8._.js:2477
[  772989ms] [ERROR] ./components/CanvasScrollVideo.tsx:4:1
Module not found: Can't resolve '@/components/DynamicVideoText'
  2 |
  3 | import { useEffect, useRef, useState } from "react";
> 4 | import { DynamicVideoText } from "@/components/DynamicVideoText";
    | ^^^^^^^^^^^^^^^^^^^^^^^^^^^^^^^^^^^^^^^^^^^^^^^^^^^^^^^^^^^^^^^^^
  5 | import { frameConfig } from "@/lib/frameConfig";
  6 | import { usePrefersReducedMotion } from "@/lib/usePrefersReducedMotion";
  7 | import { videoChapters } from "@/lib/videoChapters";

Import map: aliased to relative './components/DynamicVideoText' inside of [project]/

Import trace:
  Server Component:
    ./components/CanvasScrollVideo.tsx
    ./app/page.tsx

https://nextjs.org/docs/messages/module-not-found @ http://localhost:3100/_next/static/chunks/node_modules_next_dist_115brz8._.js:3318
[  773041ms] [ERROR] ./components/CanvasScrollVideo.tsx:4:1
Module not found: Can't resolve '@/components/DynamicVideoText'
  2 |
  3 | import { useEffect, useRef, useState } from "react";
> 4 | import { DynamicVideoText } from "@/components/DynamicVideoText";
    | ^^^^^^^^^^^^^^^^^^^^^^^^^^^^^^^^^^^^^^^^^^^^^^^^^^^^^^^^^^^^^^^^^
  5 | import { frameConfig } from "@/lib/frameConfig";
  6 | import { usePrefersReducedMotion } from "@/lib/usePrefersReducedMotion";
  7 | import { videoChapters } from "@/lib/videoChapters";

Import map: aliased to relative './components/DynamicVideoText' inside of [project]/

Import trace:
  Server Component:
    ./components/CanvasScrollVideo.tsx
    ./app/page.tsx

https://nextjs.org/docs/messages/module-not-found @ http://localhost:3100/_next/static/chunks/node_modules_next_dist_115brz8._.js:3318
[  773060ms] [ERROR] Failed to load resource: the server responded with a status of 500 (Internal Server Error) @ http://localhost:3100/?_rsc=q3mOO9BClNZHexY7:0
[  773121ms] [ERROR] Failed to load resource: the server responded with a status of 500 (Internal Server Error) @ http://localhost:3100/:0
[  773234ms] [INFO] %cDownload the React DevTools for a better development experience: https://react.dev/link/react-devtools font-weight:bold @ http://localhost:3100/_next/static/chunks/node_modules_react-dom_0bruynb._.js:15305
[  773303ms] Error: ./components/CanvasScrollVideo.tsx:4:1
Module not found: Can't resolve '@/components/DynamicVideoText'
  2 |
  3 | import { useEffect, useRef, useState } from "react";
> 4 | import { DynamicVideoText } from "@/components/DynamicVideoText";
    | ^^^^^^^^^^^^^^^^^^^^^^^^^^^^^^^^^^^^^^^^^^^^^^^^^^^^^^^^^^^^^^^^^
  5 | import { frameConfig } from "@/lib/frameConfig";
  6 | import { usePrefersReducedMotion } from "@/lib/usePrefersReducedMotion";
  7 | import { videoChapters } from "@/lib/videoChapters";

Import map: aliased to relative './components/DynamicVideoText' inside of [project]/


Import trace:
  Server Component:
    ./components/CanvasScrollVideo.tsx
    ./app/page.tsx

https://nextjs.org/docs/messages/module-not-found


    at <unknown> (Error: ./components/CanvasScrollVideo.tsx:4:1)
    at <unknown> (https://nextjs.org/docs/messages/module-not-found)
    at Object.getCompilationErrors (file://E:\Projet perso\MenuAlive\node_modules\next\dist\server\dev\hot-reloader-turbopack.js:1186:59)
    at DevBundlerService.getCompilationError (file://E:\Projet perso\MenuAlive\node_modules\next\dist\server\lib\dev-bundler-service.js:44:55)
    at DevServer.getCompilationError (file://E:\Projet perso\MenuAlive\node_modules\next\dist\server\dev\next-dev-server.js:720:42)
    at DevServer.findPageComponents (file://E:\Projet perso\MenuAlive\node_modules\next\dist\server\dev\next-dev-server.js:690:43)
    at async DevServer.renderErrorToResponseImpl (file://E:\Projet perso\MenuAlive\node_modules\next\dist\server\base-server.js:1753:26)
[  773304ms] [LOG] [HMR] connected @ http://localhost:3100/_next/static/chunks/node_modules_next_dist_0u_w_5s._.js:1226
[  773307ms] [ERROR] ./components/CanvasScrollVideo.tsx:4:1
Module not found: Can't resolve '@/components/DynamicVideoText'
  2 |
  3 | import { useEffect, useRef, useState } from "react";
> 4 | import { DynamicVideoText } from "@/components/DynamicVideoText";
    | ^^^^^^^^^^^^^^^^^^^^^^^^^^^^^^^^^^^^^^^^^^^^^^^^^^^^^^^^^^^^^^^^^
  5 | import { frameConfig } from "@/lib/frameConfig";
  6 | import { usePrefersReducedMotion } from "@/lib/usePrefersReducedMotion";
  7 | import { videoChapters } from "@/lib/videoChapters";

Import map: aliased to relative './components/DynamicVideoText' inside of [project]/

Import trace:
  Server Component:
    ./components/CanvasScrollVideo.tsx
    ./app/page.tsx

https://nextjs.org/docs/messages/module-not-found @ http://localhost:3100/_next/static/chunks/node_modules_next_dist_0u_w_5s._.js:1945
[  773308ms] [ERROR] ./components/CanvasScrollVideo.tsx:4:1
Module not found: Can't resolve '@/components/DynamicVideoText'
  2 |
  3 | import { useEffect, useRef, useState } from "react";
> 4 | import { DynamicVideoText } from "@/components/DynamicVideoText";
    | ^^^^^^^^^^^^^^^^^^^^^^^^^^^^^^^^^^^^^^^^^^^^^^^^^^^^^^^^^^^^^^^^^
  5 | import { frameConfig } from "@/lib/frameConfig";
  6 | import { usePrefersReducedMotion } from "@/lib/usePrefersReducedMotion";
  7 | import { videoChapters } from "@/lib/videoChapters";

Import map: aliased to relative './components/DynamicVideoText' inside of [project]/

Import trace:
  Server Component:
    ./components/CanvasScrollVideo.tsx
    ./app/page.tsx

https://nextjs.org/docs/messages/module-not-found @ http://localhost:3100/_next/static/chunks/node_modules_next_dist_0u_w_5s._.js:1945
[  773346ms] [ERROR] ./components/CanvasScrollVideo.tsx:4:1
Module not found: Can't resolve '@/components/DynamicVideoText'
  2 |
  3 | import { useEffect, useRef, useState } from "react";
> 4 | import { DynamicVideoText } from "@/components/DynamicVideoText";
    | ^^^^^^^^^^^^^^^^^^^^^^^^^^^^^^^^^^^^^^^^^^^^^^^^^^^^^^^^^^^^^^^^^
  5 | import { frameConfig } from "@/lib/frameConfig";
  6 | import { usePrefersReducedMotion } from "@/lib/usePrefersReducedMotion";
  7 | import { videoChapters } from "@/lib/videoChapters";

Import map: aliased to relative './components/DynamicVideoText' inside of [project]/

Import trace:
  Server Component:
    ./components/CanvasScrollVideo.tsx
    ./app/page.tsx

https://nextjs.org/docs/messages/module-not-found @ http://localhost:3100/_next/static/chunks/node_modules_next_dist_0u_w_5s._.js:1945
[  773422ms] [LOG] [Fast Refresh] rebuilding @ http://localhost:3100/_next/static/chunks/node_modules_next_dist_0u_w_5s._.js:1226
[  778507ms] [ERROR] ./components/CanvasScrollVideo.tsx:4:1
Module not found: Can't resolve '@/components/DynamicVideoText'
  2 |
  3 | import { useEffect, useRef, useState } from "react";
> 4 | import { DynamicVideoText } from "@/components/DynamicVideoText";
    | ^^^^^^^^^^^^^^^^^^^^^^^^^^^^^^^^^^^^^^^^^^^^^^^^^^^^^^^^^^^^^^^^^
  5 | import { frameConfig } from "@/lib/frameConfig";
  6 | import { usePrefersReducedMotion } from "@/lib/usePrefersReducedMotion";
  7 | import { videoChapters } from "@/lib/videoChapters";

Import map: aliased to relative './components/DynamicVideoText' inside of [project]/

Import trace:
  Server Component:
    ./components/CanvasScrollVideo.tsx
    ./app/page.tsx

https://nextjs.org/docs/messages/module-not-found @ http://localhost:3100/_next/static/chunks/node_modules_next_dist_0u_w_5s._.js:1945
[  778570ms] [LOG] [Fast Refresh] rebuilding @ http://localhost:3100/_next/static/chunks/node_modules_next_dist_0u_w_5s._.js:1226
[  787613ms] [LOG] [Fast Refresh] rebuilding @ http://localhost:3100/_next/static/chunks/node_modules_next_dist_0u_w_5s._.js:1226
[  787710ms] [LOG] [Fast Refresh] done in 169ms @ http://localhost:3100/_next/static/chunks/node_modules_next_dist_0u_w_5s._.js:1226
[  787870ms] [LOG] [Fast Refresh] rebuilding @ http://localhost:3100/_next/static/chunks/node_modules_next_dist_0u_w_5s._.js:1226
[  787935ms] [LOG] [Fast Refresh] done in 170ms @ http://localhost:3100/_next/static/chunks/node_modules_next_dist_0u_w_5s._.js:1226
[  788014ms] [INFO] %cDownload the React DevTools for a better development experience: https://react.dev/link/react-devtools font-weight:bold @ http://localhost:3100/_next/static/chunks/node_modules_next_dist_115brz8._.js:2477
[  788035ms] [LOG] [HMR] connected @ http://localhost:3100/_next/static/chunks/node_modules_next_dist_115brz8._.js:2477
[  796637ms] [LOG] [Fast Refresh] rebuilding @ http://localhost:3100/_next/static/chunks/node_modules_next_dist_115brz8._.js:2477
[  796717ms] [LOG] [Fast Refresh] done in 158ms @ http://localhost:3100/_next/static/chunks/node_modules_next_dist_115brz8._.js:2477
[  810581ms] [LOG] [Fast Refresh] rebuilding @ http://localhost:3100/_next/static/chunks/node_modules_next_dist_115brz8._.js:2477
[  810715ms] [LOG] [Fast Refresh] done in 95ms @ http://localhost:3100/_next/static/chunks/node_modules_next_dist_115brz8._.js:2477
[  860514ms] [LOG] [Fast Refresh] rebuilding @ http://localhost:3100/_next/static/chunks/node_modules_next_dist_115brz8._.js:2477
[  860661ms] [LOG] [Fast Refresh] done in 91ms @ http://localhost:3100/_next/static/chunks/node_modules_next_dist_115brz8._.js:2477
[  878039ms] [LOG] [Fast Refresh] rebuilding @ http://localhost:3100/_next/static/chunks/node_modules_next_dist_115brz8._.js:2477
[  878169ms] [LOG] [Fast Refresh] done in 74ms @ http://localhost:3100/_next/static/chunks/node_modules_next_dist_115brz8._.js:2477
