[     984ms] [INFO] %cDownload the React DevTools for a better development experience: https://react.dev/link/react-devtools font-weight:bold @ http://localhost:3100/_next/static/chunks/node_modules_next_dist_115brz8._.js:2477
[    1008ms] [LOG] [HMR] connected @ http://localhost:3100/_next/static/chunks/node_modules_next_dist_115brz8._.js:2477
[  692026ms] [LOG] [Fast Refresh] rebuilding @ http://localhost:3100/_next/static/chunks/node_modules_next_dist_115brz8._.js:2477
[  692044ms] [LOG] [Fast Refresh] done in 92ms @ http://localhost:3100/_next/static/chunks/node_modules_next_dist_115brz8._.js:2477
[  706028ms] [LOG] [Fast Refresh] rebuilding @ http://localhost:3100/_next/static/chunks/node_modules_next_dist_115brz8._.js:2477
[  706462ms] [ERROR] ./app/page.tsx:3:1
Module not found: Can't resolve '@/components/ScrollControlledVideo'
  1 | import { DemoRequestSection } from "@/components/DemoRequestSection";
  2 | import { Header } from "@/components/Header";
> 3 | import { ScrollControlledVideo } from "@/components/ScrollControlledVideo";
    | ^^^^^^^^^^^^^^^^^^^^^^^^^^^^^^^^^^^^^^^^^^^^^^^^^^^^^^^^^^^^^^^^^^^^^^^^^^^
  4 |
  5 | const benefits = [
  6 |   {

Import map: aliased to relative './components/ScrollControlledVideo' inside of [project]/

https://nextjs.org/docs/messages/module-not-found @ http://localhost:3100/_next/static/chunks/node_modules_next_dist_115brz8._.js:3318
[  706606ms] [ERROR] ./app/page.tsx:3:1
Module not found: Can't resolve '@/components/ScrollControlledVideo'
  1 | import { DemoRequestSection } from "@/components/DemoRequestSection";
  2 | import { Header } from "@/components/Header";
> 3 | import { ScrollControlledVideo } from "@/components/ScrollControlledVideo";
    | ^^^^^^^^^^^^^^^^^^^^^^^^^^^^^^^^^^^^^^^^^^^^^^^^^^^^^^^^^^^^^^^^^^^^^^^^^^^
  4 |
  5 | const benefits = [
  6 |   {

Import map: aliased to relative './components/ScrollControlledVideo' inside of [project]/

https://nextjs.org/docs/messages/module-not-found @ http://localhost:3100/_next/static/chunks/node_modules_next_dist_115brz8._.js:3318
[  706714ms] [LOG] [Fast Refresh] rebuilding @ http://localhost:3100/_next/static/chunks/node_modules_next_dist_115brz8._.js:2477
[  708868ms] [ERROR] ./app/page.tsx:3:1
Module not found: Can't resolve '@/components/ScrollControlledVideo'
  1 | import { DemoRequestSection } from "@/components/DemoRequestSection";
  2 | import { Header } from "@/components/Header";
> 3 | import { ScrollControlledVideo } from "@/components/ScrollControlledVideo";
    | ^^^^^^^^^^^^^^^^^^^^^^^^^^^^^^^^^^^^^^^^^^^^^^^^^^^^^^^^^^^^^^^^^^^^^^^^^^^
  4 |
  5 | const benefits = [
  6 |   {

Import map: aliased to relative './components/ScrollControlledVideo' inside of [project]/

https://nextjs.org/docs/messages/module-not-found @ http://localhost:3100/_next/static/chunks/node_modules_next_dist_115brz8._.js:3318
[  708974ms] [LOG] [Fast Refresh] rebuilding @ http://localhost:3100/_next/static/chunks/node_modules_next_dist_115brz8._.js:2477
[  709240ms] [ERROR] ./app/page.tsx:3:1
Module not found: Can't resolve '@/components/ScrollControlledVideo'
  1 | import { DemoRequestSection } from "@/components/DemoRequestSection";
  2 | import { Header } from "@/components/Header";
> 3 | import { ScrollControlledVideo } from "@/components/ScrollControlledVideo";
    | ^^^^^^^^^^^^^^^^^^^^^^^^^^^^^^^^^^^^^^^^^^^^^^^^^^^^^^^^^^^^^^^^^^^^^^^^^^^
  4 |
  5 | const benefits = [
  6 |   {

Import map: aliased to relative './components/ScrollControlledVideo' inside of [project]/

https://nextjs.org/docs/messages/module-not-found @ http://localhost:3100/_next/static/chunks/node_modules_next_dist_115brz8._.js:3318
[  709341ms] [LOG] [Fast Refresh] rebuilding @ http://localhost:3100/_next/static/chunks/node_modules_next_dist_115brz8._.js:2477
[  712213ms] [ERROR] ./app/page.tsx:3:1
Module not found: Can't resolve '@/components/ScrollControlledVideo'
  1 | import { DemoRequestSection } from "@/components/DemoRequestSection";
  2 | import { Header } from "@/components/Header";
> 3 | import { ScrollControlledVideo } from "@/components/ScrollControlledVideo";
    | ^^^^^^^^^^^^^^^^^^^^^^^^^^^^^^^^^^^^^^^^^^^^^^^^^^^^^^^^^^^^^^^^^^^^^^^^^^^
  4 |
  5 | const benefits = [
  6 |   {

Import map: aliased to relative './components/ScrollControlledVideo' inside of [project]/

https://nextjs.org/docs/messages/module-not-found @ http://localhost:3100/_next/static/chunks/node_modules_next_dist_115brz8._.js:3318
[  712214ms] [ERROR] ./app/page.tsx:3:1
Module not found: Can't resolve '@/components/ScrollControlledVideo'
  1 | import { DemoRequestSection } from "@/components/DemoRequestSection";
  2 | import { Header } from "@/components/Header";
> 3 | import { ScrollControlledVideo } from "@/components/ScrollControlledVideo";
    | ^^^^^^^^^^^^^^^^^^^^^^^^^^^^^^^^^^^^^^^^^^^^^^^^^^^^^^^^^^^^^^^^^^^^^^^^^^^
  4 |
  5 | const benefits = [
  6 |   {

Import map: aliased to relative './components/ScrollControlledVideo' inside of [project]/

https://nextjs.org/docs/messages/module-not-found @ http://localhost:3100/_next/static/chunks/node_modules_next_dist_115brz8._.js:3318
[  712296ms] [LOG] [Fast Refresh] rebuilding @ http://localhost:3100/_next/static/chunks/node_modules_next_dist_115brz8._.js:2477
[  712398ms] [ERROR] Failed to load resource: the server responded with a status of 500 (Internal Server Error) @ http://localhost:3100/:0
[  712848ms] [INFO] %cDownload the React DevTools for a better development experience: https://react.dev/link/react-devtools font-weight:bold @ http://localhost:3100/_next/static/chunks/node_modules_react-dom_0bruynb._.js:15305
[  712933ms] Error: ./app/page.tsx:3:1
Module not found: Can't resolve '@/components/ScrollControlledVideo'
  1 | import { DemoRequestSection } from "@/components/DemoRequestSection";
  2 | import { Header } from "@/components/Header";
> 3 | import { ScrollControlledVideo } from "@/components/ScrollControlledVideo";
    | ^^^^^^^^^^^^^^^^^^^^^^^^^^^^^^^^^^^^^^^^^^^^^^^^^^^^^^^^^^^^^^^^^^^^^^^^^^^
  4 |
  5 | const benefits = [
  6 |   {

Import map: aliased to relative './components/ScrollControlledVideo' inside of [project]/


https://nextjs.org/docs/messages/module-not-found


    at <unknown> (Error: ./app/page.tsx:3:1)
    at <unknown> (https://nextjs.org/docs/messages/module-not-found)
    at Object.getCompilationErrors (file://E:\Projet perso\MenuAlive\node_modules\next\dist\server\dev\hot-reloader-turbopack.js:1186:59)
    at DevBundlerService.getCompilationError (file://E:\Projet perso\MenuAlive\node_modules\next\dist\server\lib\dev-bundler-service.js:44:55)
    at DevServer.getCompilationError (file://E:\Projet perso\MenuAlive\node_modules\next\dist\server\dev\next-dev-server.js:720:42)
    at DevServer.findPageComponents (file://E:\Projet perso\MenuAlive\node_modules\next\dist\server\dev\next-dev-server.js:690:43)
    at async DevServer.renderErrorToResponseImpl (file://E:\Projet perso\MenuAlive\node_modules\next\dist\server\base-server.js:1753:26)
[  712933ms] [LOG] [HMR] connected @ http://localhost:3100/_next/static/chunks/node_modules_next_dist_0u_w_5s._.js:1226
[  713051ms] [LOG] [Fast Refresh] rebuilding @ http://localhost:3100/_next/static/chunks/node_modules_next_dist_0u_w_5s._.js:1226
[  713086ms] [LOG] [Fast Refresh] done in 148ms @ http://localhost:3100/_next/static/chunks/node_modules_next_dist_0u_w_5s._.js:1226
[  717893ms] [LOG] [Fast Refresh] rebuilding @ http://localhost:3100/_next/static/chunks/node_modules_next_dist_0u_w_5s._.js:1226
[  717971ms] [LOG] [Fast Refresh] done in 132ms @ http://localhost:3100/_next/static/chunks/node_modules_next_dist_0u_w_5s._.js:1226
[  718089ms] [LOG] [Fast Refresh] rebuilding @ http://localhost:3100/_next/static/chunks/node_modules_next_dist_0u_w_5s._.js:1226
[  718106ms] [LOG] [Fast Refresh] done in 130ms @ http://localhost:3100/_next/static/chunks/node_modules_next_dist_0u_w_5s._.js:1226
[  718231ms] [LOG] [Fast Refresh] rebuilding @ http://localhost:3100/_next/static/chunks/node_modules_next_dist_0u_w_5s._.js:1226
[  718263ms] [LOG] [Fast Refresh] done in 141ms @ http://localhost:3100/_next/static/chunks/node_modules_next_dist_0u_w_5s._.js:1226
[  718404ms] [INFO] %cDownload the React DevTools for a better development experience: https://react.dev/link/react-devtools font-weight:bold @ http://localhost:3100/_next/static/chunks/node_modules_next_dist_115brz8._.js:2477
[  718458ms] [LOG] [HMR] connected @ http://localhost:3100/_next/static/chunks/node_modules_next_dist_115brz8._.js:2477
[  723186ms] [LOG] [Fast Refresh] rebuilding @ http://localhost:3100/_next/static/chunks/node_modules_next_dist_115brz8._.js:2477
[  723276ms] [ERROR] ./components/CanvasScrollVideo.tsx:4:1
Module not found: Can't resolve '@/components/DynamicVideoText'
  2 |
  3 | import { useEffect, useRef, useState } from "react";
> 4 | import { DynamicVideoText } from "@/components/DynamicVideoText";
    | ^^^^^^^^^^^^^^^^^^^^^^^^^^^^^^^^^^^^^^^^^^^^^^^^^^^^^^^^^^^^^^^^^
  5 | import { frameConfig } from "@/lib/frameConfig";
  6 | import { usePrefersReducedMotion } from "@/lib/usePrefersReducedMotion";
  7 | import { videoChapters } from "@/lib/videoChapters";

Import map: aliased to relative './components/DynamicVideoText' inside of [project]/

Import trace:
  Server Component:
    ./components/CanvasScrollVideo.tsx
    ./app/page.tsx

https://nextjs.org/docs/messages/module-not-found @ http://localhost:3100/_next/static/chunks/node_modules_next_dist_115brz8._.js:3318
[  723329ms] [ERROR] ./components/CanvasScrollVideo.tsx:4:1
Module not found: Can't resolve '@/components/DynamicVideoText'
  2 |
  3 | import { useEffect, useRef, useState } from "react";
> 4 | import { DynamicVideoText } from "@/components/DynamicVideoText";
    | ^^^^^^^^^^^^^^^^^^^^^^^^^^^^^^^^^^^^^^^^^^^^^^^^^^^^^^^^^^^^^^^^^
  5 | import { frameConfig } from "@/lib/frameConfig";
  6 | import { usePrefersReducedMotion } from "@/lib/usePrefersReducedMotion";
  7 | import { videoChapters } from "@/lib/videoChapters";

Import map: aliased to relative './components/DynamicVideoText' inside of [project]/

Import trace:
  Server Component:
    ./components/CanvasScrollVideo.tsx
    ./app/page.tsx

https://nextjs.org/docs/messages/module-not-found @ http://localhost:3100/_next/static/chunks/node_modules_next_dist_115brz8._.js:3318
[  723374ms] [ERROR] Failed to load resource: the server responded with a status of 500 (Internal Server Error) @ http://localhost:3100/?_rsc=q3mOO9BClNZHexY7:0
[  723422ms] [ERROR] Failed to load resource: the server responded with a status of 500 (Internal Server Error) @ http://localhost:3100/?_rsc=q3mOO9BClNZHexY7:0
[  723431ms] [LOG] [Fast Refresh] rebuilding @ http://localhost:3100/_next/static/chunks/node_modules_next_dist_115brz8._.js:2477
[  723462ms] [ERROR] Failed to load resource: the server responded with a status of 500 (Internal Server Error) @ http://localhost:3100/:0
[  723523ms] [INFO] %cDownload the React DevTools for a better development experience: https://react.dev/link/react-devtools font-weight:bold @ http://localhost:3100/_next/static/chunks/node_modules_react-dom_0bruynb._.js:15305
[  723540ms] Error: ./components/CanvasScrollVideo.tsx:4:1
Module not found: Can't resolve '@/components/DynamicVideoText'
  2 |
  3 | import { useEffect, useRef, useState } from "react";
> 4 | import { DynamicVideoText } from "@/components/DynamicVideoText";
    | ^^^^^^^^^^^^^^^^^^^^^^^^^^^^^^^^^^^^^^^^^^^^^^^^^^^^^^^^^^^^^^^^^
  5 | import { frameConfig } from "@/lib/frameConfig";
  6 | import { usePrefersReducedMotion } from "@/lib/usePrefersReducedMotion";
  7 | import { videoChapters } from "@/lib/videoChapters";

Import map: aliased to relative './components/DynamicVideoText' inside of [project]/


Import trace:
  Server Component:
    ./components/CanvasScrollVideo.tsx
    ./app/page.tsx

https://nextjs.org/docs/messages/module-not-found


    at <unknown> (Error: ./components/CanvasScrollVideo.tsx:4:1)
    at <unknown> (https://nextjs.org/docs/messages/module-not-found)
    at Object.getCompilationErrors (file://E:\Projet perso\MenuAlive\node_modules\next\dist\server\dev\hot-reloader-turbopack.js:1186:59)
    at DevBundlerService.getCompilationError (file://E:\Projet perso\MenuAlive\node_modules\next\dist\server\lib\dev-bundler-service.js:44:55)
    at DevServer.getCompilationError (file://E:\Projet perso\MenuAlive\node_modules\next\dist\server\dev\next-dev-server.js:720:42)
    at DevServer.findPageComponents (file://E:\Projet perso\MenuAlive\node_modules\next\dist\server\dev\next-dev-server.js:690:43)
    at async DevServer.renderErrorToResponseImpl (file://E:\Projet perso\MenuAlive\node_modules\next\dist\server\base-server.js:1753:26)
[  723540ms] [LOG] [HMR] connected @ http://localhost:3100/_next/static/chunks/node_modules_next_dist_0u_w_5s._.js:1226
[  723543ms] [ERROR] ./components/CanvasScrollVideo.tsx:4:1
Module not found: Can't resolve '@/components/DynamicVideoText'
  2 |
  3 | import { useEffect, useRef, useState } from "react";
> 4 | import { DynamicVideoText } from "@/components/DynamicVideoText";
    | ^^^^^^^^^^^^^^^^^^^^^^^^^^^^^^^^^^^^^^^^^^^^^^^^^^^^^^^^^^^^^^^^^
  5 | import { frameConfig } from "@/lib/frameConfig";
  6 | import { usePrefersReducedMotion } from "@/lib/usePrefersReducedMotion";
  7 | import { videoChapters } from "@/lib/videoChapters";

Import map: aliased to relative './components/DynamicVideoText' inside of [project]/

Import trace:
  Server Component:
    ./components/CanvasScrollVideo.tsx
    ./app/page.tsx

https://nextjs.org/docs/messages/module-not-found @ http://localhost:3100/_next/static/chunks/node_modules_next_dist_0u_w_5s._.js:1945
[  723588ms] [ERROR] ./components/CanvasScrollVideo.tsx:4:1
Module not found: Can't resolve '@/components/DynamicVideoText'
  2 |
  3 | import { useEffect, useRef, useState } from "react";
> 4 | import { DynamicVideoText } from "@/components/DynamicVideoText";
    | ^^^^^^^^^^^^^^^^^^^^^^^^^^^^^^^^^^^^^^^^^^^^^^^^^^^^^^^^^^^^^^^^^
  5 | import { frameConfig } from "@/lib/frameConfig";
  6 | import { usePrefersReducedMotion } from "@/lib/usePrefersReducedMotion";
  7 | import { videoChapters } from "@/lib/videoChapters";

Import map: aliased to relative './components/DynamicVideoText' inside of [project]/

Import trace:
  Server Component:
    ./components/CanvasScrollVideo.tsx
    ./app/page.tsx

https://nextjs.org/docs/messages/module-not-found @ http://localhost:3100/_next/static/chunks/node_modules_next_dist_0u_w_5s._.js:1945
[  723634ms] [ERROR] ./components/CanvasScrollVideo.tsx:4:1
Module not found: Can't resolve '@/components/DynamicVideoText'
  2 |
  3 | import { useEffect, useRef, useState } from "react";
> 4 | import { DynamicVideoText } from "@/components/DynamicVideoText";
    | ^^^^^^^^^^^^^^^^^^^^^^^^^^^^^^^^^^^^^^^^^^^^^^^^^^^^^^^^^^^^^^^^^
  5 | import { frameConfig } from "@/lib/frameConfig";
  6 | import { usePrefersReducedMotion } from "@/lib/usePrefersReducedMotion";
  7 | import { videoChapters } from "@/lib/videoChapters";

Import map: aliased to relative './components/DynamicVideoText' inside of [project]/

Import trace:
  Server Component:
    ./components/CanvasScrollVideo.tsx
    ./app/page.tsx

https://nextjs.org/docs/messages/module-not-found @ http://localhost:3100/_next/static/chunks/node_modules_next_dist_0u_w_5s._.js:1945
[  723710ms] [LOG] [Fast Refresh] rebuilding @ http://localhost:3100/_next/static/chunks/node_modules_next_dist_0u_w_5s._.js:1226
[  728795ms] [ERROR] ./components/CanvasScrollVideo.tsx:4:1
Module not found: Can't resolve '@/components/DynamicVideoText'
  2 |
  3 | import { useEffect, useRef, useState } from "react";
> 4 | import { DynamicVideoText } from "@/components/DynamicVideoText";
    | ^^^^^^^^^^^^^^^^^^^^^^^^^^^^^^^^^^^^^^^^^^^^^^^^^^^^^^^^^^^^^^^^^
  5 | import { frameConfig } from "@/lib/frameConfig";
  6 | import { usePrefersReducedMotion } from "@/lib/usePrefersReducedMotion";
  7 | import { videoChapters } from "@/lib/videoChapters";

Import map: aliased to relative './components/DynamicVideoText' inside of [project]/

Import trace:
  Server Component:
    ./components/CanvasScrollVideo.tsx
    ./app/page.tsx

https://nextjs.org/docs/messages/module-not-found @ http://localhost:3100/_next/static/chunks/node_modules_next_dist_0u_w_5s._.js:1945
[  728858ms] [LOG] [Fast Refresh] rebuilding @ http://localhost:3100/_next/static/chunks/node_modules_next_dist_0u_w_5s._.js:1226
[  737901ms] [LOG] [Fast Refresh] rebuilding @ http://localhost:3100/_next/static/chunks/node_modules_next_dist_0u_w_5s._.js:1226
[  737997ms] [LOG] [Fast Refresh] done in 169ms @ http://localhost:3100/_next/static/chunks/node_modules_next_dist_0u_w_5s._.js:1226
[  738138ms] [LOG] [Fast Refresh] rebuilding @ http://localhost:3100/_next/static/chunks/node_modules_next_dist_0u_w_5s._.js:1226
[  738223ms] [LOG] [Fast Refresh] done in 187ms @ http://localhost:3100/_next/static/chunks/node_modules_next_dist_0u_w_5s._.js:1226
[  738336ms] [INFO] %cDownload the React DevTools for a better development experience: https://react.dev/link/react-devtools font-weight:bold @ http://localhost:3100/_next/static/chunks/node_modules_next_dist_115brz8._.js:2477
[  738358ms] [LOG] [HMR] connected @ http://localhost:3100/_next/static/chunks/node_modules_next_dist_115brz8._.js:2477
[  746919ms] [LOG] [Fast Refresh] rebuilding @ http://localhost:3100/_next/static/chunks/node_modules_next_dist_115brz8._.js:2477
[  747005ms] [LOG] [Fast Refresh] done in 158ms @ http://localhost:3100/_next/static/chunks/node_modules_next_dist_115brz8._.js:2477
[  760869ms] [LOG] [Fast Refresh] rebuilding @ http://localhost:3100/_next/static/chunks/node_modules_next_dist_115brz8._.js:2477
[  761004ms] [LOG] [Fast Refresh] done in 95ms @ http://localhost:3100/_next/static/chunks/node_modules_next_dist_115brz8._.js:2477
[  810802ms] [LOG] [Fast Refresh] rebuilding @ http://localhost:3100/_next/static/chunks/node_modules_next_dist_115brz8._.js:2477
[  810949ms] [LOG] [Fast Refresh] done in 92ms @ http://localhost:3100/_next/static/chunks/node_modules_next_dist_115brz8._.js:2477
[  828327ms] [LOG] [Fast Refresh] rebuilding @ http://localhost:3100/_next/static/chunks/node_modules_next_dist_115brz8._.js:2477
[  828458ms] [LOG] [Fast Refresh] done in 74ms @ http://localhost:3100/_next/static/chunks/node_modules_next_dist_115brz8._.js:2477
[  904295ms] [INFO] %cDownload the React DevTools for a better development experience: https://react.dev/link/react-devtools font-weight:bold @ http://localhost:3100/_next/static/chunks/node_modules_next_dist_115brz8._.js:2477
[  904309ms] [LOG] [HMR] connected @ http://localhost:3100/_next/static/chunks/node_modules_next_dist_115brz8._.js:2477
[  916990ms] [INFO] %cDownload the React DevTools for a better development experience: https://react.dev/link/react-devtools font-weight:bold @ http://localhost:3100/_next/static/chunks/node_modules_next_dist_115brz8._.js:2477
[  917007ms] [LOG] [HMR] connected @ http://localhost:3100/_next/static/chunks/node_modules_next_dist_115brz8._.js:2477
[  922808ms] [INFO] %cDownload the React DevTools for a better development experience: https://react.dev/link/react-devtools font-weight:bold @ http://localhost:3100/_next/static/chunks/node_modules_next_dist_115brz8._.js:2477
[  922825ms] [LOG] [HMR] connected @ http://localhost:3100/_next/static/chunks/node_modules_next_dist_115brz8._.js:2477
[ 1024533ms] [INFO] %cDownload the React DevTools for a better development experience: https://react.dev/link/react-devtools font-weight:bold @ http://localhost:3100/_next/static/chunks/node_modules_next_dist_115brz8._.js:2477
[ 1024555ms] [LOG] [HMR] connected @ http://localhost:3100/_next/static/chunks/node_modules_next_dist_115brz8._.js:2477
[ 1064824ms] [LOG] [Fast Refresh] rebuilding @ http://localhost:3100/_next/static/chunks/node_modules_next_dist_115brz8._.js:2477
[ 1064984ms] [LOG] [Fast Refresh] done in 96ms @ http://localhost:3100/_next/static/chunks/node_modules_next_dist_115brz8._.js:2477
[ 1307915ms] [LOG] [Fast Refresh] rebuilding @ http://localhost:3100/_next/static/chunks/node_modules_next_dist_115brz8._.js:2477
[ 1307926ms] [LOG] [Fast Refresh] done in 108ms @ http://localhost:3100/_next/static/chunks/node_modules_next_dist_115brz8._.js:2477
[ 1308028ms] [LOG] [Fast Refresh] rebuilding @ http://localhost:3100/_next/static/chunks/node_modules_next_dist_115brz8._.js:2477
[ 1308371ms] [LOG] [Fast Refresh] done in 324ms @ http://localhost:3100/_next/static/chunks/node_modules_next_dist_115brz8._.js:2477
[ 1332467ms] [INFO] %cDownload the React DevTools for a better development experience: https://react.dev/link/react-devtools font-weight:bold @ http://localhost:3100/_next/static/chunks/node_modules_next_dist_115brz8._.js:2477
[ 1332484ms] [LOG] [HMR] connected @ http://localhost:3100/_next/static/chunks/node_modules_next_dist_115brz8._.js:2477
[ 1347943ms] [INFO] %cDownload the React DevTools for a better development experience: https://react.dev/link/react-devtools font-weight:bold @ http://localhost:3100/_next/static/chunks/node_modules_next_dist_115brz8._.js:2477
[ 1347969ms] [LOG] [HMR] connected @ http://localhost:3100/_next/static/chunks/node_modules_next_dist_115brz8._.js:2477
[ 1392386ms] [LOG] [Fast Refresh] rebuilding @ http://localhost:3100/_next/static/chunks/node_modules_next_dist_115brz8._.js:2477
[ 1392409ms] [LOG] [Fast Refresh] done in 101ms @ http://localhost:3100/_next/static/chunks/node_modules_next_dist_115brz8._.js:2477
[ 1392511ms] [LOG] [Fast Refresh] rebuilding @ http://localhost:3100/_next/static/chunks/node_modules_next_dist_115brz8._.js:2477
[ 1392616ms] [LOG] [Fast Refresh] done in 205ms @ http://localhost:3100/_next/static/chunks/node_modules_next_dist_115brz8._.js:2477
[ 1663775ms] [LOG] [Fast Refresh] rebuilding @ http://localhost:3100/_next/static/chunks/node_modules_next_dist_115brz8._.js:2477
[ 1663795ms] [LOG] [Fast Refresh] done in 95ms @ http://localhost:3100/_next/static/chunks/node_modules_next_dist_115brz8._.js:2477
[ 1663877ms] [LOG] [Fast Refresh] rebuilding @ http://localhost:3100/_next/static/chunks/node_modules_next_dist_115brz8._.js:2477
[ 1664133ms] [LOG] [Fast Refresh] done in 319ms @ http://localhost:3100/_next/static/chunks/node_modules_next_dist_115brz8._.js:2477
[ 1664293ms] [LOG] [Fast Refresh] rebuilding @ http://localhost:3100/_next/static/chunks/node_modules_next_dist_115brz8._.js:2477
[ 1664414ms] [LOG] [Fast Refresh] done in 239ms @ http://localhost:3100/_next/static/chunks/node_modules_next_dist_115brz8._.js:2477
[ 1664536ms] [LOG] [Fast Refresh] rebuilding @ http://localhost:3100/_next/static/chunks/node_modules_next_dist_115brz8._.js:2477
[ 1664549ms] [LOG] [Fast Refresh] done in 114ms @ http://localhost:3100/_next/static/chunks/node_modules_next_dist_115brz8._.js:2477
[ 1734094ms] [LOG] [Fast Refresh] rebuilding @ http://localhost:3100/_next/static/chunks/node_modules_next_dist_115brz8._.js:2477
[ 1734320ms] [LOG] [Fast Refresh] done in 330ms @ http://localhost:3100/_next/static/chunks/node_modules_next_dist_115brz8._.js:2477
[ 1734367ms] [INFO] %cDownload the React DevTools for a better development experience: https://react.dev/link/react-devtools font-weight:bold @ http://localhost:3100/_next/static/chunks/node_modules_next_dist_115brz8._.js:2477
[ 1734384ms] [LOG] [HMR] connected @ http://localhost:3100/_next/static/chunks/node_modules_next_dist_115brz8._.js:2477
[ 2208122ms] [INFO] %cDownload the React DevTools for a better development experience: https://react.dev/link/react-devtools font-weight:bold @ http://localhost:3100/_next/static/chunks/node_modules_next_dist_115brz8._.js:2477
[ 2208141ms] [LOG] [HMR] connected @ http://localhost:3100/_next/static/chunks/node_modules_next_dist_115brz8._.js:2477
[ 2725774ms] [LOG] [Fast Refresh] rebuilding @ http://localhost:3100/_next/static/chunks/node_modules_next_dist_115brz8._.js:2477
[ 2731958ms] [LOG] [Fast Refresh] done in 6284ms @ http://localhost:3100/_next/static/chunks/node_modules_next_dist_115brz8._.js:2477
[ 3053156ms] [INFO] %cDownload the React DevTools for a better development experience: https://react.dev/link/react-devtools font-weight:bold @ http://localhost:3100/_next/static/chunks/node_modules_next_dist_115brz8._.js:2477
[ 3053170ms] [LOG] [HMR] connected @ http://localhost:3100/_next/static/chunks/node_modules_next_dist_115brz8._.js:2477
[ 3137637ms] [LOG] [Fast Refresh] rebuilding @ http://localhost:3100/_next/static/chunks/node_modules_next_dist_115brz8._.js:2477
[ 3156974ms] [INFO] %cDownload the React DevTools for a better development experience: https://react.dev/link/react-devtools font-weight:bold @ http://localhost:3100/_next/static/chunks/node_modules_next_dist_115brz8._.js:2477
[ 3156998ms] [LOG] [HMR] connected @ http://localhost:3100/_next/static/chunks/node_modules_next_dist_115brz8._.js:2477
[ 3193313ms] [INFO] %cDownload the React DevTools for a better development experience: https://react.dev/link/react-devtools font-weight:bold @ http://localhost:3100/_next/static/chunks/node_modules_next_dist_115brz8._.js:2477
[ 3193328ms] [LOG] [HMR] connected @ http://localhost:3100/_next/static/chunks/node_modules_next_dist_115brz8._.js:2477
[ 3456777ms] [INFO] %cDownload the React DevTools for a better development experience: https://react.dev/link/react-devtools font-weight:bold @ http://localhost:3100/_next/static/chunks/node_modules_next_dist_115brz8._.js:2477
[ 3456790ms] [LOG] [HMR] connected @ http://localhost:3100/_next/static/chunks/node_modules_next_dist_115brz8._.js:2477
[ 3460329ms] [INFO] %cDownload the React DevTools for a better development experience: https://react.dev/link/react-devtools font-weight:bold @ http://localhost:3100/_next/static/chunks/node_modules_next_dist_115brz8._.js:2477
[ 3460342ms] [LOG] [HMR] connected @ http://localhost:3100/_next/static/chunks/node_modules_next_dist_115brz8._.js:2477
[ 3709453ms] [LOG] [Fast Refresh] rebuilding @ http://localhost:3100/_next/static/chunks/node_modules_next_dist_115brz8._.js:2477
[ 3714256ms] [LOG] [Fast Refresh] done in 4904ms @ http://localhost:3100/_next/static/chunks/node_modules_next_dist_115brz8._.js:2477
